<?xml version="1.0" encoding="UTF-8"?>
<testng-results ignored="0" total="1" passed="1" failed="0" skipped="0">
  <reporter-output>
  </reporter-output>
  <suite started-at="2018-04-09T02:38:15Z" name="Default suite" finished-at="2018-04-09T02:38:33Z" duration-ms="17884">
    <groups>
    </groups>
    <test started-at="2018-04-09T02:38:15Z" name="Default test" finished-at="2018-04-09T02:38:33Z" duration-ms="17884">
      <class name="AppiumTests.AppiumTest1">
        <test-method is-config="true" signature="createAppiumDriver()[pri:0, instance:AppiumTests.AppiumTest1@10d68fcd]" started-at="2018-04-08T22:38:15Z" name="createAppiumDriver" finished-at="2018-04-08T22:38:28Z" duration-ms="12527" status="PASS">
          <reporter-output>
          </reporter-output>
        </test-method> <!-- createAppiumDriver -->
        <test-method signature="sampeTest()[pri:0, instance:AppiumTests.AppiumTest1@10d68fcd]" started-at="2018-04-08T22:38:28Z" name="sampeTest" finished-at="2018-04-08T22:38:32Z" duration-ms="4232" status="PASS">
          <reporter-output>
          </reporter-output>
        </test-method> <!-- sampeTest -->
        <test-method is-config="true" signature="afterTest()[pri:0, instance:AppiumTests.AppiumTest1@10d68fcd]" started-at="2018-04-08T22:38:32Z" name="afterTest" finished-at="2018-04-08T22:38:33Z" duration-ms="1104" status="PASS">
          <reporter-output>
          </reporter-output>
        </test-method> <!-- afterTest -->
      </class> <!-- AppiumTests.AppiumTest1 -->
    </test> <!-- Default test -->
  </suite> <!-- Default suite -->
</testng-results>
